<?xml version="1.0" encoding="UTF-8"?>
<!-- Generated by org.testng.reporters.JUnitXMLReporter -->
<testsuite ignored="0" hostname="LAPTOP-BCBO1JTN" failures="1" tests="7" name="Test" time="76.891" errors="0" timestamp="2024-12-27T18:27:13 IST">
  <testcase classname="testCases.TC001_AccountRegistrationTest" name="verify_account_registration" time="3.455"/>
  <testcase classname="testCases.TC003_LoginDDT" name="verify_loginDDT" time="11.446">
    <failure type="java.lang.AssertionError" message="expected [true] but found [false]">
      <![CDATA[java.lang.AssertionError: expected [true] but found [false]
at testCases.TC003_LoginDDT.verify_loginDDT(TC003_LoginDDT.java:56)
at java.base/java.util.ArrayList.forEach(ArrayList.java:1511)
... Removed 35 stack frames]]>
    </failure>
  </testcase> <!-- verify_loginDDT -->
  <testcase classname="testCases.TC003_LoginDDT" name="verify_loginDDT" time="4.954"/>
  <testcase classname="testCases.TC003_LoginDDT" name="verify_loginDDT" time="6.893"/>
  <testcase classname="testCases.TC003_LoginDDT" name="verify_loginDDT" time="17.911"/>
  <testcase classname="testCases.TC003_LoginDDT" name="verify_loginDDT" time="7.895"/>
  <testcase classname="testCases.TC003_LoginDDT" name="verify_loginDDT" time="15.595"/>
</testsuite> <!-- Test -->
